(0000) 3000  0011000000000000 (   1)                 .ORIG x3000
(3000) 5020  0101000000100000 (   3)                 AND   R0 R0 #0
(3001) 5260  0101001001100000 (   4)                 AND   R1 R1 #0
(3002) 54A0  0101010010100000 (   5)                 AND   R2 R2 #0
(3003) 56E0  0101011011100000 (   6)                 AND   R3 R3 #0
(3004) 5920  0101100100100000 (   7)                 AND   R4 R4 #0
(3005) 5B60  0101101101100000 (   8)                 AND   R5 R5 #0
(3006) 5DA0  0101110110100000 (   9)                 AND   R6 R6 #0
(3007) 5FE0  0101111111100000 (  10)                 AND   R7 R7 #0
(3008) 2016  0010000000010110 (  12)                 LD    R0 ARR0
(3009) 2216  0010001000010110 (  13)                 LD    R1 ARR1
(300A) 2A17  0010101000010111 (  14)                 LD    R5 N
(300B) 2C17  0010110000010111 (  15)                 LD    R6 M
(300C) 0411  0000010000010001 (  17) SORT            BRZ   ENDSRT
(300D) 6400  0110010000000000 (  18)                 LDR   R2 R0 #0
(300E) 6640  0110011001000000 (  19)                 LDR   R3 R1 #0
(300F) 98FF  1001100011111111 (  21)                 NOT   R4 R3
(3010) 1921  0001100100100001 (  22)                 ADD   R4 R4 #1
(3011) 1902  0001100100000010 (  23)                 ADD   R4 R4 R2
(3012) 0C01  0000110000000001 (  24)                 BRNZ  NGZRES
(3013) 0204  0000001000000100 (  25)                 BRP   POSRES
(3014) 0409  0000010000001001 (  27) NGZRES          BRZ   ENDSRT
(3015) 1261  0001001001100001 (  28)                 ADD   R1 R1 #1
(3016) 1DBF  0001110110111111 (  29)                 ADD   R6 R6 #-1
(3017) 0FF4  0000111111110100 (  30)                 BRNZP SORT
(3018) 7600  0111011000000000 (  32) POSRES          STR   R3 R0 #0
(3019) 7440  0111010001000000 (  33)                 STR   R2 R1 #0
(301A) 1021  0001000000100001 (  34)                 ADD   R0 R0 #1
(301B) 1221  0001001000100001 (  35)                 ADD   R1 R0 #1
(301C) 1B7F  0001101101111111 (  36)                 ADD   R5 R5 #-1
(301D) 0FEE  0000111111101110 (  37)                 BRNZP SORT
(301E) F025  1111000000100101 (  41) ENDSRT          TRAP  x25
(301F) 2500  0010010100000000 (  42) ARR0            .FILL x2500
(3020) 2501  0010010100000001 (  43) ARR1            .FILL x2501
(3021) 250E  0010010100001110 (  44)                 .FILL x250E
(3022) 000E  0000000000001110 (  45) N               .FILL x000E
(3023) 000F  0000000000001111 (  46) M               .FILL x000F
