(0000) 3000  0011000000000000 (   5)                 .ORIG x3000
(3000) 2214  0010001000010100 (   7)                 LD    R1 Counter
(3001) 2413  0010010000010011 (   8)                 LD    R2 Counter
(3002) 2011  0010000000010001 (   9)                 LD    R0 N
(3003) 0802  0000100000000010 (  10)                 BRN   LBi1
(3004) 0206  0000001000000110 (  11)                 BRP   LBi0
(3005) 040A  0000010000001010 (  12)                 BRZ   Zero
(3006) 127F  0001001001111111 (  15) LBi1            ADD   R1 R1 #-1
(3007) 0407  0000010000000111 (  16)                 BRZ   Done
(3008) 1000  0001000000000000 (  17) Loop            ADD   R0 R0 R0
(3009) 09FC  0000100111111100 (  18)                 BRN   LBi1
(300A) 0200  0000001000000000 (  19)                 BRP   LBi0
(300B) 127F  0001001001111111 (  21) LBi0            ADD   R1 R1 #-1
(300C) 0402  0000010000000010 (  22)                 BRZ   Done
(300D) 14A1  0001010010100001 (  23)                 ADD   R2 R2 #1
(300E) 0FF9  0000111111111001 (  24)                 BRNZP Loop
(300F) 0E03  0000111000000011 (  26) Done            BRNZP don
(3010) 5000  0101000000000000 (  27) Zero            AND   R0 R0 R0
(3011) 3005  0011000000000101 (  28)                 ST    R0 Null
(3012) 0E00  0000111000000000 (  29)                 BRNZP don
(3013) F025  1111000000100101 (  31) don             TRAP  x25
(3014) 0A18  0000101000011000 (  32) N               .FILL x0A18
(3015) 000F  0000000000001111 (  33) Counter         .FILL x000F
(3016) 0000  0000000000000000 (  35) Result          .FILL x0000
(3017) 0000  0000000000000000 (  36) Null            .FILL x0000
